<?xml version="1.0" encoding="UTF-8"?>
<!-- Generated by org.testng.reporters.JUnitReportReporter -->
<testsuite hostname="LAPTOP-3ETUAM5G" failures="0" tests="1" name="commonFunctions.CommonFunctions" time="2.760" errors="0" timestamp="2024-11-09T14:30:33 IST" skipped="0">
  <testcase classname="commonFunctions.CommonFunctions" name="f" time="2.760"/>
  <system-out/>
</testsuite> <!-- commonFunctions.CommonFunctions -->
