<?xml version="1.0" encoding="UTF-8"?>
<!-- Generated by org.testng.reporters.JUnitReportReporter -->
<testsuite hostname="LAPTOP-3ETUAM5G" failures="0" tests="1" name="testCases.Test_AddTask" time="1.057" errors="0" timestamp="2024-11-13T02:44:24 IST" skipped="0">
  <testcase classname="testCases.Test_AddTask" name="test_TextBox" time="1.057"/>
  <system-out/>
</testsuite> <!-- testCases.Test_AddTask -->
