<?xml version="1.0" encoding="UTF-8"?>
<!-- Generated by org.testng.reporters.JUnitReportReporter -->
<testsuite hostname="LAPTOP-3ETUAM5G" failures="0" tests="1" name="testCases.Test_Iframes" time="8.064" errors="0" timestamp="2024-11-13T13:39:05 IST" skipped="0">
  <testcase classname="testCases.Test_Iframes" name="test_Iframe" time="8.064"/>
  <system-out/>
</testsuite> <!-- testCases.Test_Iframes -->
