<?xml version="1.0" encoding="UTF-8"?>
<!-- Generated by org.testng.reporters.JUnitReportReporter -->
<testsuite hostname="LAPTOP-3ETUAM5G" failures="0" tests="1" name="com.example.TheTest" time="0.002" errors="0" timestamp="2024-11-09T19:51:38 IST" skipped="0">
  <testcase classname="com.example.TheTest" name="f" time="0.002"/>
  <system-out/>
</testsuite> <!-- com.example.TheTest -->
