<?xml version="1.0" encoding="UTF-8"?>
<!-- Generated by org.testng.reporters.JUnitReportReporter -->
<testsuite hostname="LAPTOP-3ETUAM5G" failures="0" tests="1" name="testCases.Return_To_Home_Page" time="3.708" errors="0" timestamp="2024-11-13T13:39:05 IST" skipped="0">
  <testcase classname="testCases.Return_To_Home_Page" name="Test_Return_To_HomePage" time="3.708"/>
  <system-out/>
</testsuite> <!-- testCases.Return_To_Home_Page -->
